<?xml version="1.0" encoding="UTF-8"?>
<coverage generated="1532071000224" clover="3.2.0">
  <project timestamp="1532071000224" name="All files">
    <metrics statements="70" coveredstatements="54" conditionals="10" coveredconditionals="5" methods="18" coveredmethods="9" elements="98" coveredelements="68" complexity="0" loc="70" ncloc="70" packages="10" files="18" classes="18">
      <package name="config.language">
        <metrics statements="0" coveredstatements="0" conditionals="0" coveredconditionals="0" methods="0" coveredmethods="0"/>
        <file name="en.js" path="/Users/rupsha.bagchi/Documents/rn/mobile-arch-ref-app/Frontend/config/language/en.js">
          <metrics statements="0" coveredstatements="0" conditionals="0" coveredconditionals="0" methods="0" coveredmethods="0"/>
        </file>
        <file name="fi.js" path="/Users/rupsha.bagchi/Documents/rn/mobile-arch-ref-app/Frontend/config/language/fi.js">
          <metrics statements="0" coveredstatements="0" conditionals="0" coveredconditionals="0" methods="0" coveredmethods="0"/>
        </file>
      </package>
      <package name="jest">
        <metrics statements="1" coveredstatements="1" conditionals="0" coveredconditionals="0" methods="0" coveredmethods="0"/>
        <file name="setupTests.js" path="/Users/rupsha.bagchi/Documents/rn/mobile-arch-ref-app/Frontend/jest/setupTests.js">
          <metrics statements="1" coveredstatements="1" conditionals="0" coveredconditionals="0" methods="0" coveredmethods="0"/>
          <line num="4" count="7" type="stmt"/>
        </file>
      </package>
      <package name="src.commons">
        <metrics statements="11" coveredstatements="8" conditionals="0" coveredconditionals="0" methods="4" coveredmethods="0"/>
        <file name="language.js" path="/Users/rupsha.bagchi/Documents/rn/mobile-arch-ref-app/Frontend/src/commons/language.js">
          <metrics statements="11" coveredstatements="8" conditionals="0" coveredconditionals="0" methods="4" coveredmethods="0"/>
          <line num="6" count="2" type="stmt"/>
          <line num="7" count="2" type="stmt"/>
          <line num="8" count="2" type="stmt"/>
          <line num="9" count="2" type="stmt"/>
          <line num="10" count="2" type="stmt"/>
          <line num="14" count="2" type="stmt"/>
          <line num="15" count="0" type="stmt"/>
          <line num="17" count="2" type="stmt"/>
          <line num="18" count="2" type="stmt"/>
          <line num="21" count="0" type="stmt"/>
          <line num="22" count="0" type="stmt"/>
        </file>
      </package>
      <package name="src.components.Button">
        <metrics statements="6" coveredstatements="6" conditionals="0" coveredconditionals="0" methods="1" coveredmethods="1"/>
        <file name="Button.style.js" path="/Users/rupsha.bagchi/Documents/rn/mobile-arch-ref-app/Frontend/src/components/Button/Button.style.js">
          <metrics statements="1" coveredstatements="1" conditionals="0" coveredconditionals="0" methods="0" coveredmethods="0"/>
          <line num="1" count="2" type="stmt"/>
        </file>
        <file name="index.js" path="/Users/rupsha.bagchi/Documents/rn/mobile-arch-ref-app/Frontend/src/components/Button/index.js">
          <metrics statements="5" coveredstatements="5" conditionals="0" coveredconditionals="0" methods="1" coveredmethods="1"/>
          <line num="6" count="2" type="stmt"/>
          <line num="7" count="1" type="stmt"/>
          <line num="9" count="1" type="stmt"/>
          <line num="16" count="2" type="stmt"/>
          <line num="21" count="2" type="stmt"/>
        </file>
      </package>
      <package name="src.components.Card">
        <metrics statements="5" coveredstatements="5" conditionals="0" coveredconditionals="0" methods="1" coveredmethods="1"/>
        <file name="Card.style.js" path="/Users/rupsha.bagchi/Documents/rn/mobile-arch-ref-app/Frontend/src/components/Card/Card.style.js">
          <metrics statements="1" coveredstatements="1" conditionals="0" coveredconditionals="0" methods="0" coveredmethods="0"/>
          <line num="1" count="2" type="stmt"/>
        </file>
        <file name="index.js" path="/Users/rupsha.bagchi/Documents/rn/mobile-arch-ref-app/Frontend/src/components/Card/index.js">
          <metrics statements="4" coveredstatements="4" conditionals="0" coveredconditionals="0" methods="1" coveredmethods="1"/>
          <line num="6" count="2" type="stmt"/>
          <line num="7" count="1" type="stmt"/>
          <line num="9" count="2" type="stmt"/>
          <line num="13" count="2" type="stmt"/>
        </file>
      </package>
      <package name="src.components.CardSection">
        <metrics statements="5" coveredstatements="5" conditionals="0" coveredconditionals="0" methods="1" coveredmethods="1"/>
        <file name="CardSection.style.js" path="/Users/rupsha.bagchi/Documents/rn/mobile-arch-ref-app/Frontend/src/components/CardSection/CardSection.style.js">
          <metrics statements="1" coveredstatements="1" conditionals="0" coveredconditionals="0" methods="0" coveredmethods="0"/>
          <line num="1" count="2" type="stmt"/>
        </file>
        <file name="index.js" path="/Users/rupsha.bagchi/Documents/rn/mobile-arch-ref-app/Frontend/src/components/CardSection/index.js">
          <metrics statements="4" coveredstatements="4" conditionals="0" coveredconditionals="0" methods="1" coveredmethods="1"/>
          <line num="6" count="2" type="stmt"/>
          <line num="7" count="1" type="stmt"/>
          <line num="10" count="2" type="stmt"/>
          <line num="14" count="2" type="stmt"/>
        </file>
      </package>
      <package name="src.components.Header">
        <metrics statements="6" coveredstatements="6" conditionals="4" coveredconditionals="4" methods="1" coveredmethods="1"/>
        <file name="Header.style.js" path="/Users/rupsha.bagchi/Documents/rn/mobile-arch-ref-app/Frontend/src/components/Header/Header.style.js">
          <metrics statements="1" coveredstatements="1" conditionals="0" coveredconditionals="0" methods="0" coveredmethods="0"/>
          <line num="1" count="2" type="stmt"/>
        </file>
        <file name="index.js" path="/Users/rupsha.bagchi/Documents/rn/mobile-arch-ref-app/Frontend/src/components/Header/index.js">
          <metrics statements="5" coveredstatements="5" conditionals="4" coveredconditionals="4" methods="1" coveredmethods="1"/>
          <line num="8" count="2" type="stmt"/>
          <line num="9" count="1" type="stmt"/>
          <line num="10" count="1" type="stmt"/>
          <line num="25" count="2" type="stmt"/>
          <line num="31" count="2" type="stmt"/>
        </file>
      </package>
      <package name="src.components.Loader">
        <metrics statements="5" coveredstatements="5" conditionals="0" coveredconditionals="0" methods="1" coveredmethods="1"/>
        <file name="Loader.styles.js" path="/Users/rupsha.bagchi/Documents/rn/mobile-arch-ref-app/Frontend/src/components/Loader/Loader.styles.js">
          <metrics statements="1" coveredstatements="1" conditionals="0" coveredconditionals="0" methods="0" coveredmethods="0"/>
          <line num="1" count="2" type="stmt"/>
        </file>
        <file name="index.js" path="/Users/rupsha.bagchi/Documents/rn/mobile-arch-ref-app/Frontend/src/components/Loader/index.js">
          <metrics statements="4" coveredstatements="4" conditionals="0" coveredconditionals="0" methods="1" coveredmethods="1"/>
          <line num="6" count="2" type="stmt"/>
          <line num="7" count="1" type="stmt"/>
          <line num="12" count="2" type="stmt"/>
          <line num="16" count="2" type="stmt"/>
        </file>
      </package>
      <package name="src.components.LoginInput">
        <metrics statements="6" coveredstatements="6" conditionals="0" coveredconditionals="0" methods="1" coveredmethods="1"/>
        <file name="LoginInput.style.js" path="/Users/rupsha.bagchi/Documents/rn/mobile-arch-ref-app/Frontend/src/components/LoginInput/LoginInput.style.js">
          <metrics statements="1" coveredstatements="1" conditionals="0" coveredconditionals="0" methods="0" coveredmethods="0"/>
          <line num="1" count="2" type="stmt"/>
        </file>
        <file name="index.js" path="/Users/rupsha.bagchi/Documents/rn/mobile-arch-ref-app/Frontend/src/components/LoginInput/index.js">
          <metrics statements="5" coveredstatements="5" conditionals="0" coveredconditionals="0" methods="1" coveredmethods="1"/>
          <line num="6" count="2" type="stmt"/>
          <line num="13" count="1" type="stmt"/>
          <line num="14" count="1" type="stmt"/>
          <line num="29" count="2" type="stmt"/>
          <line num="37" count="2" type="stmt"/>
        </file>
      </package>
      <package name="src.screens.LoginForm">
        <metrics statements="25" coveredstatements="12" conditionals="6" coveredconditionals="1" methods="8" coveredmethods="3"/>
        <file name="LoginForm.style.js" path="/Users/rupsha.bagchi/Documents/rn/mobile-arch-ref-app/Frontend/src/screens/LoginForm/LoginForm.style.js">
          <metrics statements="1" coveredstatements="1" conditionals="0" coveredconditionals="0" methods="0" coveredmethods="0"/>
          <line num="1" count="1" type="stmt"/>
        </file>
        <file name="index.js" path="/Users/rupsha.bagchi/Documents/rn/mobile-arch-ref-app/Frontend/src/screens/LoginForm/index.js">
          <metrics statements="24" coveredstatements="11" conditionals="6" coveredconditionals="1" methods="8" coveredmethods="3"/>
          <line num="18" count="1" type="stmt"/>
          <line num="19" count="1" type="stmt"/>
          <line num="22" count="1" type="stmt"/>
          <line num="23" count="1" type="stmt"/>
          <line num="24" count="1" type="stmt"/>
          <line num="25" count="1" type="stmt"/>
          <line num="29" count="0" type="stmt"/>
          <line num="30" count="0" type="stmt"/>
          <line num="31" count="0" type="stmt"/>
          <line num="35" count="0" type="stmt"/>
          <line num="36" count="0" type="stmt"/>
          <line num="40" count="0" type="stmt"/>
          <line num="44" count="0" type="stmt"/>
          <line num="48" count="0" type="stmt"/>
          <line num="50" count="0" type="cond" truecount="0" falsecount="2"/>
          <line num="52" count="0" type="cond" truecount="0" falsecount="2"/>
          <line num="53" count="0" type="stmt"/>
          <line num="55" count="0" type="stmt"/>
          <line num="60" count="1" type="cond" truecount="1" falsecount="1"/>
          <line num="61" count="0" type="stmt"/>
          <line num="63" count="1" type="stmt"/>
          <line num="72" count="1" type="stmt"/>
          <line num="73" count="1" type="stmt"/>
          <line num="104" count="1" type="stmt"/>
        </file>
      </package>
    </metrics>
  </project>
</coverage>
