{"/Users/rupsha.bagchi/Documents/rn/mobile-arch-ref-app/Frontend/config/language/en.js": {"path":"/Users/rupsha.bagchi/Documents/rn/mobile-arch-ref-app/Frontend/config/language/en.js","statementMap":{},"fnMap":{},"branchMap":{},"s":{},"f":{},"b":{},"_coverageSchema":"332fd63041d2c1bcb487cc26dd0d5f7d97098a6c","hash":"2f95cf2ea4d2624e7fb790cb9ac62c1e1217b879"}
,"/Users/rupsha.bagchi/Documents/rn/mobile-arch-ref-app/Frontend/config/language/fi.js": {"path":"/Users/rupsha.bagchi/Documents/rn/mobile-arch-ref-app/Frontend/config/language/fi.js","statementMap":{},"fnMap":{},"branchMap":{},"s":{},"f":{},"b":{},"_coverageSchema":"332fd63041d2c1bcb487cc26dd0d5f7d97098a6c","hash":"77c0908b89c1117e00d0b39bacdbbaf2c06d9c47"}
,"/Users/rupsha.bagchi/Documents/rn/mobile-arch-ref-app/Frontend/jest/setupTests.js": {"path":"/Users/rupsha.bagchi/Documents/rn/mobile-arch-ref-app/Frontend/jest/setupTests.js","statementMap":{"0":{"start":{"line":4,"column":0},"end":{"line":4,"column":38}}},"fnMap":{},"branchMap":{},"s":{"0":7},"f":{},"b":{},"_coverageSchema":"332fd63041d2c1bcb487cc26dd0d5f7d97098a6c","hash":"2aa7871c4579c822292e9180993df10491683cb5"}
,"/Users/rupsha.bagchi/Documents/rn/mobile-arch-ref-app/Frontend/src/commons/language.js": {"path":"/Users/rupsha.bagchi/Documents/rn/mobile-arch-ref-app/Frontend/src/commons/language.js","statementMap":{"0":{"start":{"line":6,"column":0},"end":{"line":6,"column":22}},"1":{"start":{"line":7,"column":0},"end":{"line":7,"column":32}},"2":{"start":{"line":8,"column":0},"end":{"line":8,"column":26}},"3":{"start":{"line":9,"column":0},"end":{"line":9,"column":19}},"4":{"start":{"line":10,"column":0},"end":{"line":13,"column":2}},"5":{"start":{"line":14,"column":25},"end":{"line":16,"column":1}},"6":{"start":{"line":15,"column":2},"end":{"line":15,"column":23}},"7":{"start":{"line":17,"column":32},"end":{"line":17,"column":49}},"8":{"start":{"line":17,"column":38},"end":{"line":17,"column":49}},"9":{"start":{"line":18,"column":35},"end":{"line":23,"column":1}},"10":{"start":{"line":18,"column":56},"end":{"line":23,"column":1}},"11":{"start":{"line":21,"column":16},"end":{"line":21,"column":61}},"12":{"start":{"line":22,"column":2},"end":{"line":22,"column":19}}},"fnMap":{"0":{"name":"(anonymous_0)","decl":{"start":{"line":14,"column":25},"end":{"line":14,"column":26}},"loc":{"start":{"line":14,"column":45},"end":{"line":16,"column":1}},"line":14},"1":{"name":"(anonymous_1)","decl":{"start":{"line":17,"column":32},"end":{"line":17,"column":33}},"loc":{"start":{"line":17,"column":38},"end":{"line":17,"column":49}},"line":17},"2":{"name":"(anonymous_2)","decl":{"start":{"line":18,"column":35},"end":{"line":18,"column":36}},"loc":{"start":{"line":18,"column":56},"end":{"line":23,"column":1}},"line":18},"3":{"name":"(anonymous_3)","decl":{"start":{"line":18,"column":56},"end":{"line":18,"column":57}},"loc":{"start":{"line":20,"column":14},"end":{"line":23,"column":1}},"line":20}},"branchMap":{},"s":{"0":2,"1":2,"2":2,"3":2,"4":2,"5":2,"6":0,"7":2,"8":0,"9":2,"10":0,"11":0,"12":0},"f":{"0":0,"1":0,"2":0,"3":0},"b":{},"_coverageSchema":"332fd63041d2c1bcb487cc26dd0d5f7d97098a6c","hash":"3c65efe5df630a5b42bd8304ad6afaa3b20cb581"}
,"/Users/rupsha.bagchi/Documents/rn/mobile-arch-ref-app/Frontend/src/components/Button/Button.style.js": {"path":"/Users/rupsha.bagchi/Documents/rn/mobile-arch-ref-app/Frontend/src/components/Button/Button.style.js","statementMap":{"0":{"start":{"line":1,"column":21},"end":{"line":20,"column":1}}},"fnMap":{},"branchMap":{},"s":{"0":2},"f":{},"b":{},"_coverageSchema":"332fd63041d2c1bcb487cc26dd0d5f7d97098a6c","hash":"1dd4aff4cb73225a844d426bac7e8e4b07b33bad"}
,"/Users/rupsha.bagchi/Documents/rn/mobile-arch-ref-app/Frontend/src/components/Button/index.js": {"path":"/Users/rupsha.bagchi/Documents/rn/mobile-arch-ref-app/Frontend/src/components/Button/index.js","statementMap":{"0":{"start":{"line":6,"column":15},"end":{"line":14,"column":1}},"1":{"start":{"line":7,"column":37},"end":{"line":7,"column":43}},"2":{"start":{"line":9,"column":2},"end":{"line":13,"column":4}},"3":{"start":{"line":16,"column":0},"end":{"line":19,"column":2}},"4":{"start":{"line":21,"column":0},"end":{"line":27,"column":2}}},"fnMap":{"0":{"name":"(anonymous_0)","decl":{"start":{"line":6,"column":15},"end":{"line":6,"column":16}},"loc":{"start":{"line":6,"column":42},"end":{"line":14,"column":1}},"line":6}},"branchMap":{},"s":{"0":2,"1":1,"2":1,"3":2,"4":2},"f":{"0":1},"b":{},"_coverageSchema":"332fd63041d2c1bcb487cc26dd0d5f7d97098a6c","hash":"9eaaef47bcb97389917d833ac361627a2d74b623"}
,"/Users/rupsha.bagchi/Documents/rn/mobile-arch-ref-app/Frontend/src/components/Card/Card.style.js": {"path":"/Users/rupsha.bagchi/Documents/rn/mobile-arch-ref-app/Frontend/src/components/Card/Card.style.js","statementMap":{"0":{"start":{"line":1,"column":19},"end":{"line":16,"column":1}}},"fnMap":{},"branchMap":{},"s":{"0":2},"f":{},"b":{},"_coverageSchema":"332fd63041d2c1bcb487cc26dd0d5f7d97098a6c","hash":"1f9e119790aff0de6cee153f7d7da2bc14facf55"}
,"/Users/rupsha.bagchi/Documents/rn/mobile-arch-ref-app/Frontend/src/components/Card/index.js": {"path":"/Users/rupsha.bagchi/Documents/rn/mobile-arch-ref-app/Frontend/src/components/Card/index.js","statementMap":{"0":{"start":{"line":6,"column":13},"end":{"line":8,"column":1}},"1":{"start":{"line":7,"column":2},"end":{"line":7,"column":61}},"2":{"start":{"line":9,"column":0},"end":{"line":11,"column":2}},"3":{"start":{"line":13,"column":0},"end":{"line":18,"column":2}}},"fnMap":{"0":{"name":"(anonymous_0)","decl":{"start":{"line":6,"column":13},"end":{"line":6,"column":14}},"loc":{"start":{"line":7,"column":2},"end":{"line":7,"column":61}},"line":7}},"branchMap":{},"s":{"0":2,"1":1,"2":2,"3":2},"f":{"0":1},"b":{},"_coverageSchema":"332fd63041d2c1bcb487cc26dd0d5f7d97098a6c","hash":"5769a5a0d4b866f50ee6c9ad0aa917233bbd2026"}
,"/Users/rupsha.bagchi/Documents/rn/mobile-arch-ref-app/Frontend/src/components/CardSection/CardSection.style.js": {"path":"/Users/rupsha.bagchi/Documents/rn/mobile-arch-ref-app/Frontend/src/components/CardSection/CardSection.style.js","statementMap":{"0":{"start":{"line":1,"column":26},"end":{"line":11,"column":1}}},"fnMap":{},"branchMap":{},"s":{"0":2},"f":{},"b":{},"_coverageSchema":"332fd63041d2c1bcb487cc26dd0d5f7d97098a6c","hash":"e9bea2e6f3ae7f84f2656d5f648800e639db2316"}
,"/Users/rupsha.bagchi/Documents/rn/mobile-arch-ref-app/Frontend/src/components/CardSection/index.js": {"path":"/Users/rupsha.bagchi/Documents/rn/mobile-arch-ref-app/Frontend/src/components/CardSection/index.js","statementMap":{"0":{"start":{"line":6,"column":20},"end":{"line":8,"column":1}},"1":{"start":{"line":7,"column":2},"end":{"line":7,"column":61}},"2":{"start":{"line":10,"column":0},"end":{"line":12,"column":2}},"3":{"start":{"line":14,"column":0},"end":{"line":19,"column":2}}},"fnMap":{"0":{"name":"(anonymous_0)","decl":{"start":{"line":6,"column":20},"end":{"line":6,"column":21}},"loc":{"start":{"line":7,"column":2},"end":{"line":7,"column":61}},"line":7}},"branchMap":{},"s":{"0":2,"1":1,"2":2,"3":2},"f":{"0":1},"b":{},"_coverageSchema":"332fd63041d2c1bcb487cc26dd0d5f7d97098a6c","hash":"8df2ef1bd08ab72634dac5e1eaa28c06cb349ae5"}
,"/Users/rupsha.bagchi/Documents/rn/mobile-arch-ref-app/Frontend/src/components/Header/Header.style.js": {"path":"/Users/rupsha.bagchi/Documents/rn/mobile-arch-ref-app/Frontend/src/components/Header/Header.style.js","statementMap":{"0":{"start":{"line":1,"column":21},"end":{"line":22,"column":1}}},"fnMap":{},"branchMap":{},"s":{"0":2},"f":{},"b":{},"_coverageSchema":"332fd63041d2c1bcb487cc26dd0d5f7d97098a6c","hash":"2e508af1edb5d121a332e6d579ee41c39acbf003"}
,"/Users/rupsha.bagchi/Documents/rn/mobile-arch-ref-app/Frontend/src/components/Header/index.js": {"path":"/Users/rupsha.bagchi/Documents/rn/mobile-arch-ref-app/Frontend/src/components/Header/index.js","statementMap":{"0":{"start":{"line":8,"column":15},"end":{"line":23,"column":1}},"1":{"start":{"line":9,"column":51},"end":{"line":9,"column":57}},"2":{"start":{"line":10,"column":2},"end":{"line":22,"column":4}},"3":{"start":{"line":25,"column":0},"end":{"line":29,"column":2}},"4":{"start":{"line":31,"column":0},"end":{"line":35,"column":2}}},"fnMap":{"0":{"name":"(anonymous_0)","decl":{"start":{"line":8,"column":15},"end":{"line":8,"column":16}},"loc":{"start":{"line":8,"column":56},"end":{"line":23,"column":1}},"line":8}},"branchMap":{"0":{"loc":{"start":{"line":14,"column":11},"end":{"line":14,"column":46}},"type":"binary-expr","locations":[{"start":{"line":14,"column":11},"end":{"line":14,"column":22}},{"start":{"line":14,"column":26},"end":{"line":14,"column":46}}],"line":14},"1":{"loc":{"start":{"line":19,"column":9},"end":{"line":19,"column":58}},"type":"binary-expr","locations":[{"start":{"line":19,"column":9},"end":{"line":19,"column":20}},{"start":{"line":19,"column":24},"end":{"line":19,"column":58}}],"line":19}},"s":{"0":2,"1":1,"2":1,"3":2,"4":2},"f":{"0":1},"b":{"0":[1,1],"1":[1,1]},"_coverageSchema":"332fd63041d2c1bcb487cc26dd0d5f7d97098a6c","hash":"9745269049c45708f4b3992f7b2eae975609827e"}
,"/Users/rupsha.bagchi/Documents/rn/mobile-arch-ref-app/Frontend/src/components/Loader/Loader.styles.js": {"path":"/Users/rupsha.bagchi/Documents/rn/mobile-arch-ref-app/Frontend/src/components/Loader/Loader.styles.js","statementMap":{"0":{"start":{"line":1,"column":21},"end":{"line":5,"column":1}}},"fnMap":{},"branchMap":{},"s":{"0":2},"f":{},"b":{},"_coverageSchema":"332fd63041d2c1bcb487cc26dd0d5f7d97098a6c","hash":"bc270121db90b2ad610b1264316eb4a8e8f7a1dc"}
,"/Users/rupsha.bagchi/Documents/rn/mobile-arch-ref-app/Frontend/src/components/Loader/index.js": {"path":"/Users/rupsha.bagchi/Documents/rn/mobile-arch-ref-app/Frontend/src/components/Loader/index.js","statementMap":{"0":{"start":{"line":6,"column":15},"end":{"line":10,"column":1}},"1":{"start":{"line":7,"column":2},"end":{"line":9,"column":9}},"2":{"start":{"line":12,"column":0},"end":{"line":14,"column":2}},"3":{"start":{"line":16,"column":0},"end":{"line":18,"column":2}}},"fnMap":{"0":{"name":"(anonymous_0)","decl":{"start":{"line":6,"column":15},"end":{"line":6,"column":16}},"loc":{"start":{"line":7,"column":2},"end":{"line":9,"column":9}},"line":7}},"branchMap":{},"s":{"0":2,"1":1,"2":2,"3":2},"f":{"0":1},"b":{},"_coverageSchema":"332fd63041d2c1bcb487cc26dd0d5f7d97098a6c","hash":"1ee178da939f71cdddb0ca70a693fce5b6952ddb"}
,"/Users/rupsha.bagchi/Documents/rn/mobile-arch-ref-app/Frontend/src/components/LoginInput/LoginInput.style.js": {"path":"/Users/rupsha.bagchi/Documents/rn/mobile-arch-ref-app/Frontend/src/components/LoginInput/LoginInput.style.js","statementMap":{"0":{"start":{"line":1,"column":24},"end":{"line":21,"column":1}}},"fnMap":{},"branchMap":{},"s":{"0":2},"f":{},"b":{},"_coverageSchema":"332fd63041d2c1bcb487cc26dd0d5f7d97098a6c","hash":"0cd9ab62305f57be2664cb869098e5b4cebd7fba"}
,"/Users/rupsha.bagchi/Documents/rn/mobile-arch-ref-app/Frontend/src/components/LoginInput/index.js": {"path":"/Users/rupsha.bagchi/Documents/rn/mobile-arch-ref-app/Frontend/src/components/LoginInput/index.js","statementMap":{"0":{"start":{"line":6,"column":14},"end":{"line":28,"column":1}},"1":{"start":{"line":13,"column":53},"end":{"line":13,"column":59}},"2":{"start":{"line":14,"column":2},"end":{"line":27,"column":4}},"3":{"start":{"line":29,"column":0},"end":{"line":35,"column":2}},"4":{"start":{"line":37,"column":0},"end":{"line":43,"column":2}}},"fnMap":{"0":{"name":"(anonymous_0)","decl":{"start":{"line":6,"column":14},"end":{"line":6,"column":15}},"loc":{"start":{"line":12,"column":6},"end":{"line":28,"column":1}},"line":12}},"branchMap":{},"s":{"0":2,"1":1,"2":1,"3":2,"4":2},"f":{"0":1},"b":{},"_coverageSchema":"332fd63041d2c1bcb487cc26dd0d5f7d97098a6c","hash":"cbf94f097eb671b4b85e11e243c1c0c6bc9eb3c1"}
,"/Users/rupsha.bagchi/Documents/rn/mobile-arch-ref-app/Frontend/src/screens/LoginForm/LoginForm.style.js": {"path":"/Users/rupsha.bagchi/Documents/rn/mobile-arch-ref-app/Frontend/src/screens/LoginForm/LoginForm.style.js","statementMap":{"0":{"start":{"line":1,"column":24},"end":{"line":8,"column":1}}},"fnMap":{},"branchMap":{},"s":{"0":1},"f":{},"b":{},"_coverageSchema":"332fd63041d2c1bcb487cc26dd0d5f7d97098a6c","hash":"2b228fd9a9b73f7abdddc8389f635f207245cd2d"}
,"/Users/rupsha.bagchi/Documents/rn/mobile-arch-ref-app/Frontend/src/screens/LoginForm/index.js": {"path":"/Users/rupsha.bagchi/Documents/rn/mobile-arch-ref-app/Frontend/src/screens/LoginForm/index.js","statementMap":{"0":{"start":{"line":18,"column":4},"end":{"line":18,"column":17}},"1":{"start":{"line":19,"column":4},"end":{"line":21,"column":6}},"2":{"start":{"line":22,"column":4},"end":{"line":22,"column":47}},"3":{"start":{"line":23,"column":4},"end":{"line":23,"column":53}},"4":{"start":{"line":24,"column":4},"end":{"line":24,"column":55}},"5":{"start":{"line":25,"column":4},"end":{"line":25,"column":53}},"6":{"start":{"line":29,"column":4},"end":{"line":29,"column":38}},"7":{"start":{"line":30,"column":4},"end":{"line":30,"column":46}},"8":{"start":{"line":31,"column":4},"end":{"line":31,"column":43}},"9":{"start":{"line":35,"column":4},"end":{"line":35,"column":67}},"10":{"start":{"line":36,"column":4},"end":{"line":36,"column":38}},"11":{"start":{"line":40,"column":4},"end":{"line":40,"column":55}},"12":{"start":{"line":44,"column":4},"end":{"line":44,"column":58}},"13":{"start":{"line":48,"column":4},"end":{"line":48,"column":37}},"14":{"start":{"line":50,"column":6},"end":{"line":51,"column":38}},"15":{"start":{"line":52,"column":4},"end":{"line":56,"column":5}},"16":{"start":{"line":53,"column":6},"end":{"line":53,"column":28}},"17":{"start":{"line":55,"column":6},"end":{"line":55,"column":25}},"18":{"start":{"line":60,"column":4},"end":{"line":62,"column":5}},"19":{"start":{"line":61,"column":6},"end":{"line":61,"column":37}},"20":{"start":{"line":63,"column":4},"end":{"line":68,"column":6}},"21":{"start":{"line":72,"column":31},"end":{"line":72,"column":37}},"22":{"start":{"line":73,"column":4},"end":{"line":100,"column":6}},"23":{"start":{"line":104,"column":0},"end":{"line":107,"column":2}}},"fnMap":{"0":{"name":"(anonymous_0)","decl":{"start":{"line":17,"column":2},"end":{"line":17,"column":3}},"loc":{"start":{"line":17,"column":21},"end":{"line":26,"column":3}},"line":17},"1":{"name":"(anonymous_1)","decl":{"start":{"line":28,"column":2},"end":{"line":28,"column":3}},"loc":{"start":{"line":28,"column":19},"end":{"line":32,"column":3}},"line":28},"2":{"name":"(anonymous_2)","decl":{"start":{"line":34,"column":2},"end":{"line":34,"column":3}},"loc":{"start":{"line":34,"column":16},"end":{"line":37,"column":3}},"line":34},"3":{"name":"(anonymous_3)","decl":{"start":{"line":39,"column":2},"end":{"line":39,"column":3}},"loc":{"start":{"line":39,"column":15},"end":{"line":41,"column":3}},"line":39},"4":{"name":"(anonymous_4)","decl":{"start":{"line":43,"column":2},"end":{"line":43,"column":3}},"loc":{"start":{"line":43,"column":18},"end":{"line":45,"column":3}},"line":43},"5":{"name":"(anonymous_5)","decl":{"start":{"line":47,"column":2},"end":{"line":47,"column":3}},"loc":{"start":{"line":47,"column":18},"end":{"line":57,"column":3}},"line":47},"6":{"name":"(anonymous_6)","decl":{"start":{"line":59,"column":2},"end":{"line":59,"column":3}},"loc":{"start":{"line":59,"column":17},"end":{"line":69,"column":3}},"line":59},"7":{"name":"(anonymous_7)","decl":{"start":{"line":71,"column":2},"end":{"line":71,"column":3}},"loc":{"start":{"line":71,"column":11},"end":{"line":101,"column":3}},"line":71}},"branchMap":{"0":{"loc":{"start":{"line":50,"column":6},"end":{"line":51,"column":38}},"type":"binary-expr","locations":[{"start":{"line":50,"column":6},"end":{"line":50,"column":57}},{"start":{"line":51,"column":6},"end":{"line":51,"column":38}}],"line":50},"1":{"loc":{"start":{"line":52,"column":4},"end":{"line":56,"column":5}},"type":"if","locations":[{"start":{"line":52,"column":4},"end":{"line":56,"column":5}},{"start":{"line":52,"column":4},"end":{"line":56,"column":5}}],"line":52},"2":{"loc":{"start":{"line":60,"column":4},"end":{"line":62,"column":5}},"type":"if","locations":[{"start":{"line":60,"column":4},"end":{"line":62,"column":5}},{"start":{"line":60,"column":4},"end":{"line":62,"column":5}}],"line":60}},"s":{"0":1,"1":1,"2":1,"3":1,"4":1,"5":1,"6":0,"7":0,"8":0,"9":0,"10":0,"11":0,"12":0,"13":0,"14":0,"15":0,"16":0,"17":0,"18":1,"19":0,"20":1,"21":1,"22":1,"23":1},"f":{"0":1,"1":0,"2":0,"3":0,"4":0,"5":0,"6":1,"7":1},"b":{"0":[0,0],"1":[0,0],"2":[0,1]},"_coverageSchema":"332fd63041d2c1bcb487cc26dd0d5f7d97098a6c","hash":"610ccb2c163b0bc05da739d21798c6a2cdfd1265"}
}
