TN:
SF:/Users/rupsha.bagchi/Documents/rn/mobile-arch-ref-app/Frontend/config/language/en.js
FNF:0
FNH:0
LF:0
LH:0
BRF:0
BRH:0
end_of_record
TN:
SF:/Users/rupsha.bagchi/Documents/rn/mobile-arch-ref-app/Frontend/config/language/fi.js
FNF:0
FNH:0
LF:0
LH:0
BRF:0
BRH:0
end_of_record
TN:
SF:/Users/rupsha.bagchi/Documents/rn/mobile-arch-ref-app/Frontend/jest/setupTests.js
FNF:0
FNH:0
DA:4,7
LF:1
LH:1
BRF:0
BRH:0
end_of_record
TN:
SF:/Users/rupsha.bagchi/Documents/rn/mobile-arch-ref-app/Frontend/src/commons/language.js
FN:14,(anonymous_0)
FN:17,(anonymous_1)
FN:18,(anonymous_2)
FN:18,(anonymous_3)
FNF:4
FNH:0
FNDA:0,(anonymous_0)
FNDA:0,(anonymous_1)
FNDA:0,(anonymous_2)
FNDA:0,(anonymous_3)
DA:6,2
DA:7,2
DA:8,2
DA:9,2
DA:10,2
DA:14,2
DA:15,0
DA:17,2
DA:18,2
DA:21,0
DA:22,0
LF:11
LH:8
BRF:0
BRH:0
end_of_record
TN:
SF:/Users/rupsha.bagchi/Documents/rn/mobile-arch-ref-app/Frontend/src/components/Button/Button.style.js
FNF:0
FNH:0
DA:1,2
LF:1
LH:1
BRF:0
BRH:0
end_of_record
TN:
SF:/Users/rupsha.bagchi/Documents/rn/mobile-arch-ref-app/Frontend/src/components/Button/index.js
FN:6,(anonymous_0)
FNF:1
FNH:1
FNDA:1,(anonymous_0)
DA:6,2
DA:7,1
DA:9,1
DA:16,2
DA:21,2
LF:5
LH:5
BRF:0
BRH:0
end_of_record
TN:
SF:/Users/rupsha.bagchi/Documents/rn/mobile-arch-ref-app/Frontend/src/components/Card/Card.style.js
FNF:0
FNH:0
DA:1,2
LF:1
LH:1
BRF:0
BRH:0
end_of_record
TN:
SF:/Users/rupsha.bagchi/Documents/rn/mobile-arch-ref-app/Frontend/src/components/Card/index.js
FN:6,(anonymous_0)
FNF:1
FNH:1
FNDA:1,(anonymous_0)
DA:6,2
DA:7,1
DA:9,2
DA:13,2
LF:4
LH:4
BRF:0
BRH:0
end_of_record
TN:
SF:/Users/rupsha.bagchi/Documents/rn/mobile-arch-ref-app/Frontend/src/components/CardSection/CardSection.style.js
FNF:0
FNH:0
DA:1,2
LF:1
LH:1
BRF:0
BRH:0
end_of_record
TN:
SF:/Users/rupsha.bagchi/Documents/rn/mobile-arch-ref-app/Frontend/src/components/CardSection/index.js
FN:6,(anonymous_0)
FNF:1
FNH:1
FNDA:1,(anonymous_0)
DA:6,2
DA:7,1
DA:10,2
DA:14,2
LF:4
LH:4
BRF:0
BRH:0
end_of_record
TN:
SF:/Users/rupsha.bagchi/Documents/rn/mobile-arch-ref-app/Frontend/src/components/Header/Header.style.js
FNF:0
FNH:0
DA:1,2
LF:1
LH:1
BRF:0
BRH:0
end_of_record
TN:
SF:/Users/rupsha.bagchi/Documents/rn/mobile-arch-ref-app/Frontend/src/components/Header/index.js
FN:8,(anonymous_0)
FNF:1
FNH:1
FNDA:1,(anonymous_0)
DA:8,2
DA:9,1
DA:10,1
DA:25,2
DA:31,2
LF:5
LH:5
BRDA:14,0,0,1
BRDA:14,0,1,1
BRDA:19,1,0,1
BRDA:19,1,1,1
BRF:4
BRH:4
end_of_record
TN:
SF:/Users/rupsha.bagchi/Documents/rn/mobile-arch-ref-app/Frontend/src/components/Loader/Loader.styles.js
FNF:0
FNH:0
DA:1,2
LF:1
LH:1
BRF:0
BRH:0
end_of_record
TN:
SF:/Users/rupsha.bagchi/Documents/rn/mobile-arch-ref-app/Frontend/src/components/Loader/index.js
FN:6,(anonymous_0)
FNF:1
FNH:1
FNDA:1,(anonymous_0)
DA:6,2
DA:7,1
DA:12,2
DA:16,2
LF:4
LH:4
BRF:0
BRH:0
end_of_record
TN:
SF:/Users/rupsha.bagchi/Documents/rn/mobile-arch-ref-app/Frontend/src/components/LoginInput/LoginInput.style.js
FNF:0
FNH:0
DA:1,2
LF:1
LH:1
BRF:0
BRH:0
end_of_record
TN:
SF:/Users/rupsha.bagchi/Documents/rn/mobile-arch-ref-app/Frontend/src/components/LoginInput/index.js
FN:6,(anonymous_0)
FNF:1
FNH:1
FNDA:1,(anonymous_0)
DA:6,2
DA:13,1
DA:14,1
DA:29,2
DA:37,2
LF:5
LH:5
BRF:0
BRH:0
end_of_record
TN:
SF:/Users/rupsha.bagchi/Documents/rn/mobile-arch-ref-app/Frontend/src/screens/LoginForm/LoginForm.style.js
FNF:0
FNH:0
DA:1,1
LF:1
LH:1
BRF:0
BRH:0
end_of_record
TN:
SF:/Users/rupsha.bagchi/Documents/rn/mobile-arch-ref-app/Frontend/src/screens/LoginForm/index.js
FN:17,(anonymous_0)
FN:28,(anonymous_1)
FN:34,(anonymous_2)
FN:39,(anonymous_3)
FN:43,(anonymous_4)
FN:47,(anonymous_5)
FN:59,(anonymous_6)
FN:71,(anonymous_7)
FNF:8
FNH:3
FNDA:1,(anonymous_0)
FNDA:0,(anonymous_1)
FNDA:0,(anonymous_2)
FNDA:0,(anonymous_3)
FNDA:0,(anonymous_4)
FNDA:0,(anonymous_5)
FNDA:1,(anonymous_6)
FNDA:1,(anonymous_7)
DA:18,1
DA:19,1
DA:22,1
DA:23,1
DA:24,1
DA:25,1
DA:29,0
DA:30,0
DA:31,0
DA:35,0
DA:36,0
DA:40,0
DA:44,0
DA:48,0
DA:50,0
DA:52,0
DA:53,0
DA:55,0
DA:60,1
DA:61,0
DA:63,1
DA:72,1
DA:73,1
DA:104,1
LF:24
LH:11
BRDA:50,0,0,0
BRDA:50,0,1,0
BRDA:52,1,0,0
BRDA:52,1,1,0
BRDA:60,2,0,0
BRDA:60,2,1,1
BRF:6
BRH:1
end_of_record
